Picked up _JAVA_OPTIONS: -Djava.io.tmpdir=/haplox/tmp
INFO  11:47:17,489 HelpFormatter - -------------------------------------------------------------------------------- 
INFO  11:47:17,493 HelpFormatter - The Genome Analysis Toolkit (GATK) v3.5-0-ge91472d, Compiled 2016/03/09 03:16:47 
INFO  11:47:17,494 HelpFormatter - Copyright (c) 2010 The Broad Institute 
INFO  11:47:17,494 HelpFormatter - For support and documentation go to http://www.broadinstitute.org/gatk 
INFO  11:47:17,499 HelpFormatter - Program Args: -T MuTect2 -I:tumor /haplox/users/guo/Github/DebugMutect2/src/ParallelMutect2/../../data/20160202-001_gdna_rg.bam -L /haplox/users/guo/Github/DebugMutect2/src/ParallelMutect2/.queue/scatterGather/pm2-1-sg/temp_01_of_70/scatter.intervals -R /haplox/ref/GATK/ucsc.hg19/ucsc.hg19.fasta --artifact_detection_mode -o /haplox/users/guo/Github/DebugMutect2/src/ParallelMutect2/.queue/scatterGather/pm2-1-sg/temp_01_of_70/20160202-001_gdna_rg.bam.vcf 
INFO  11:47:17,503 HelpFormatter - Executing as guo@x02 on Linux 3.16.0-30-generic amd64; Java HotSpot(TM) 64-Bit Server VM 1.8.0_66-b17. 
INFO  11:47:17,503 HelpFormatter - Date/Time: 2016/03/10 11:47:17 
INFO  11:47:17,503 HelpFormatter - -------------------------------------------------------------------------------- 
INFO  11:47:17,504 HelpFormatter - -------------------------------------------------------------------------------- 
INFO  11:47:17,730 GenomeAnalysisEngine - Strictness is SILENT 
INFO  11:47:17,848 GenomeAnalysisEngine - Downsampling Settings: Method: BY_SAMPLE, Target Coverage: 1000 
INFO  11:47:17,857 SAMDataSource$SAMReaders - Initializing SAMRecords in serial 
INFO  11:47:17,895 SAMDataSource$SAMReaders - Done initializing BAM readers: total time 0.04 
INFO  11:47:17,926 IntervalUtils - Processing 16511 bp from intervals 
INFO  11:47:18,004 GenomeAnalysisEngine - Preparing for traversal over 1 BAM files 
INFO  11:47:18,031 GenomeAnalysisEngine - Done preparing for traversal 
INFO  11:47:18,031 ProgressMeter - [INITIALIZATION COMPLETE; STARTING PROCESSING] 
INFO  11:47:18,031 ProgressMeter -                 |      processed |    time |         per 1M |           |   total | remaining 
INFO  11:47:18,031 ProgressMeter -        Location | active regions | elapsed | active regions | completed | runtime |   runtime 
INFO  11:47:18,097 MuTect2 - Using global mismapping rate of 45 => -4.5 in log10 likelihood units 
Using AVX accelerated implementation of PairHMM
INFO  11:47:19,680 VectorLoglessPairHMM - libVectorLoglessPairHMM unpacked successfully from GATK jar file 
INFO  11:47:19,680 VectorLoglessPairHMM - Using vectorized implementation of PairHMM 
INFO  11:47:48,036 ProgressMeter -   chr1:11166834              0.0    30.0 s           49.6 w        2.3%    21.6 m      21.1 m 
INFO  11:48:18,038 ProgressMeter -   chr1:11167283              0.0    60.0 s           99.2 w        5.0%    19.8 m      18.8 m 
INFO  11:48:48,039 ProgressMeter -   chr1:11167508              0.0    90.0 s          148.8 w        6.4%    23.4 m      21.9 m 
INFO  11:49:18,041 ProgressMeter -   chr1:11167508              0.0   120.0 s          198.4 w        6.4%    31.2 m      29.2 m 
INFO  11:49:48,044 ProgressMeter -   chr1:11168101           1243.0     2.5 m           33.5 h        7.5%    33.2 m      30.7 m 
INFO  11:50:18,111 ProgressMeter -   chr1:11169216           2863.0     3.0 m           17.5 h        9.8%    30.6 m      27.6 m 
INFO  11:50:48,113 ProgressMeter -   chr1:11172766           5162.0     3.5 m           11.3 h       13.9%    25.1 m      21.6 m 
INFO  11:51:18,114 ProgressMeter -   chr1:11174634           7797.0     4.0 m            8.6 h       18.3%    21.8 m      17.8 m 
INFO  11:51:48,115 ProgressMeter -   chr1:11175316          11193.0     4.5 m            6.7 h       20.6%    21.9 m      17.4 m 
INFO  11:52:18,116 ProgressMeter -   chr1:11176921          14937.0     5.0 m            5.6 h       22.7%    22.0 m      17.0 m 
INFO  11:52:48,121 ProgressMeter -   chr1:11181161          19017.0     5.5 m            4.8 h       24.7%    22.3 m      16.8 m 
INFO  11:53:18,122 ProgressMeter -   chr1:11182246          23519.0     6.0 m            4.3 h       29.4%    20.4 m      14.4 m 
INFO  11:53:48,123 ProgressMeter -   chr1:11186546          33774.0     6.5 m            3.2 h       32.3%    20.1 m      13.6 m 
INFO  11:54:18,124 ProgressMeter -   chr1:11186923          33774.0     7.0 m            3.5 h       34.6%    20.2 m      13.2 m 
INFO  11:54:58,125 ProgressMeter -   chr1:11187910          33774.0     7.7 m            3.8 h       39.4%    19.5 m      11.8 m 
INFO  11:55:28,126 ProgressMeter -   chr1:11188426          33774.0     8.2 m            4.0 h       42.3%    19.3 m      11.2 m 
INFO  11:55:58,126 ProgressMeter -   chr1:11189651          41455.0     8.7 m            3.5 h       46.5%    18.6 m      10.0 m 
INFO  11:56:28,127 ProgressMeter -   chr1:11190446          49523.0     9.2 m            3.1 h       48.9%    18.8 m       9.6 m 
INFO  11:56:58,128 ProgressMeter -   chr1:11191194          49523.0     9.7 m            3.3 h       53.4%    18.1 m       8.4 m 
INFO  11:57:28,129 ProgressMeter -   chr1:11191586          49523.0    10.2 m            3.4 h       55.8%    18.2 m       8.1 m 
INFO  11:57:58,130 ProgressMeter -   chr1:11194271          68633.0    10.7 m            2.6 h       59.0%    18.1 m       7.4 m 
INFO  11:58:28,131 ProgressMeter -   chr1:11199566          78772.0    11.2 m            2.4 h       63.5%    17.6 m       6.4 m 
INFO  11:58:58,132 ProgressMeter -   chr1:11204571          89561.0    11.7 m            2.2 h       65.3%    17.9 m       6.2 m 
INFO  11:59:28,133 ProgressMeter -   chr1:11206591         101018.0    12.2 m            2.0 h       69.4%    17.5 m       5.4 m 
INFO  11:59:58,134 ProgressMeter -   chr1:11217066         125024.0    12.7 m          101.3 m       73.8%    17.2 m       4.5 m 
INFO  12:00:38,135 ProgressMeter -   chr1:11259525         150581.0    13.3 m           88.6 m       80.5%    16.6 m       3.2 m 
INFO  12:01:08,136 ProgressMeter -   chr1:11269231         178380.0    13.8 m           77.6 m       85.5%    16.2 m       2.4 m 
INFO  12:01:38,137 ProgressMeter -   chr1:11270736         192904.0    14.3 m           74.3 m       88.0%    16.3 m     117.0 s 
INFO  12:02:08,137 ProgressMeter -   chr1:11272619         207800.0    14.8 m           71.4 m       92.6%    16.0 m      71.0 s 
INFO  12:02:38,138 ProgressMeter -   chr1:11273316         223547.0    15.3 m           68.6 m       95.4%    16.1 m      44.0 s 
INFO  12:03:08,139 ProgressMeter -   chr1:11276071         239752.0    15.8 m           66.0 m       98.1%    16.1 m      17.0 s 
INFO  12:03:28,837 VectorLoglessPairHMM - Time spent in setup for JNI call : 0.236631155 
INFO  12:03:28,838 PairHMM - Total compute time in PairHMM computeLikelihoods() : 864.9791313300001 
INFO  12:03:28,839 MuTect2 - Ran local assembly on 0 active regions 
INFO  12:03:28,842 ProgressMeter -            done         256263.0    16.2 m           63.1 m      100.0%    16.2 m       0.0 s 
INFO  12:03:28,843 ProgressMeter - Total runtime 970.81 secs, 16.18 min, 0.27 hours 
INFO  12:03:28,844 MicroScheduler - 403 reads were filtered out during the traversal out of approximately 136150 total reads (0.30%) 
INFO  12:03:28,844 MicroScheduler -   -> 0 reads (0.00% of total) failing BadCigarFilter 
INFO  12:03:28,845 MicroScheduler -   -> 0 reads (0.00% of total) failing DuplicateReadFilter 
INFO  12:03:28,845 MicroScheduler -   -> 0 reads (0.00% of total) failing FailsVendorQualityCheckFilter 
INFO  12:03:28,846 MicroScheduler -   -> 0 reads (0.00% of total) failing MalformedReadFilter 
INFO  12:03:28,847 MicroScheduler -   -> 0 reads (0.00% of total) failing MappingQualityUnavailableFilter 
INFO  12:03:28,847 MicroScheduler -   -> 0 reads (0.00% of total) failing NotPrimaryAlignmentFilter 
INFO  12:03:28,848 MicroScheduler -   -> 403 reads (0.30% of total) failing UnmappedReadFilter 
INFO  12:03:32,647 GATKRunReport - Uploaded run statistics report to AWS S3 
