INFO  14:04:02,167 HelpFormatter - -------------------------------------------------------------------------------- 
INFO  14:04:02,170 HelpFormatter - The Genome Analysis Toolkit (GATK) v3.5-0-ge91472d, Compiled 2016/03/03 09:22:44 
INFO  14:04:02,170 HelpFormatter - Copyright (c) 2010 The Broad Institute 
INFO  14:04:02,170 HelpFormatter - For support and documentation go to http://www.broadinstitute.org/gatk 
INFO  14:04:02,173 HelpFormatter - Program Args: -T CountReads -I /home/h6/haplox/Github/DebugGATK/src/../data/069_gdna_rg.bam -R /home/h6/haplox/Github/DebugGATK/src/../data/ucsc.hg19/ucsc.hg19.fasta 
INFO  14:04:02,177 HelpFormatter - Executing as h6@h6 on Linux 3.16.0-41-generic amd64; OpenJDK 64-Bit Server VM 1.7.0_51-b31. 
INFO  14:04:02,177 HelpFormatter - Date/Time: 2016/03/08 14:04:02 
INFO  14:04:02,177 HelpFormatter - -------------------------------------------------------------------------------- 
INFO  14:04:02,178 HelpFormatter - -------------------------------------------------------------------------------- 
INFO  14:04:02,213 GenomeAnalysisEngine - Strictness is SILENT 
INFO  14:04:02,361 GenomeAnalysisEngine - Downsampling Settings: No downsampling 
INFO  14:04:02,366 SAMDataSource$SAMReaders - Initializing SAMRecords in serial 
INFO  14:04:02,395 SAMDataSource$SAMReaders - Done initializing BAM readers: total time 0.03 
INFO  14:04:02,474 GenomeAnalysisEngine - Preparing for traversal over 1 BAM files 
INFO  14:04:02,477 GenomeAnalysisEngine - Done preparing for traversal 
INFO  14:04:02,478 ProgressMeter - [INITIALIZATION COMPLETE; STARTING PROCESSING] 
INFO  14:04:02,478 ProgressMeter -                 | processed |    time |    per 1M |           |   total | remaining 
INFO  14:04:02,479 ProgressMeter -        Location |     reads | elapsed |     reads | completed | runtime |   runtime 
INFO  14:04:02,480 ReadShardBalancer$1 - Loading BAM index data 
INFO  14:04:02,481 ReadShardBalancer$1 - Done loading BAM index data 
INFO  14:04:33,317 ProgressMeter -  chr1:119986042   4908369.0    30.0 s       6.0 s        3.8%    13.1 m      12.6 m 
