Picked up _JAVA_OPTIONS: -Djava.io.tmpdir=/haplox/tmp
INFO  11:45:06,430 HelpFormatter - -------------------------------------------------------------------------------- 
INFO  11:45:06,433 HelpFormatter - The Genome Analysis Toolkit (GATK) v3.5-0-ge91472d, Compiled 2016/03/09 03:16:47 
INFO  11:45:06,433 HelpFormatter - Copyright (c) 2010 The Broad Institute 
INFO  11:45:06,433 HelpFormatter - For support and documentation go to http://www.broadinstitute.org/gatk 
INFO  11:45:06,438 HelpFormatter - Program Args: -T MuTect2 -I:tumor /haplox/users/guo/Github/DebugMutect2/src/ParallelMutect2/../../data/069_gdna_rg.bam -L /haplox/users/guo/Github/DebugMutect2/src/ParallelMutect2/.queue/scatterGather/pm2-1-sg/temp_04_of_70/scatter.intervals -R /haplox/ref/GATK/ucsc.hg19/ucsc.hg19.fasta --artifact_detection_mode -o /haplox/users/guo/Github/DebugMutect2/src/ParallelMutect2/.queue/scatterGather/pm2-1-sg/temp_04_of_70/069_gdna_rg.bam.vcf 
INFO  11:45:06,441 HelpFormatter - Executing as guo@x02 on Linux 3.16.0-30-generic amd64; Java HotSpot(TM) 64-Bit Server VM 1.8.0_66-b17. 
INFO  11:45:06,441 HelpFormatter - Date/Time: 2016/03/10 11:45:06 
INFO  11:45:06,441 HelpFormatter - -------------------------------------------------------------------------------- 
INFO  11:45:06,441 HelpFormatter - -------------------------------------------------------------------------------- 
INFO  11:45:06,589 GenomeAnalysisEngine - Strictness is SILENT 
INFO  11:45:06,672 GenomeAnalysisEngine - Downsampling Settings: Method: BY_SAMPLE, Target Coverage: 1000 
INFO  11:45:06,678 SAMDataSource$SAMReaders - Initializing SAMRecords in serial 
INFO  11:45:06,700 SAMDataSource$SAMReaders - Done initializing BAM readers: total time 0.02 
INFO  11:45:06,716 IntervalUtils - Processing 16511 bp from intervals 
INFO  11:45:06,781 GenomeAnalysisEngine - Preparing for traversal over 1 BAM files 
INFO  11:45:10,650 GATKRunReport - Uploaded run statistics report to AWS S3 
##### ERROR ------------------------------------------------------------------------------------------
##### ERROR A USER ERROR has occurred (version 3.5-0-ge91472d): 
##### ERROR
##### ERROR This means that one or more arguments or inputs in your command are incorrect.
##### ERROR The error message below tells you what is the problem.
##### ERROR
##### ERROR If the problem is an invalid argument, please check the online documentation guide
##### ERROR (or rerun your command with --help) to view allowable command-line arguments for this tool.
##### ERROR
##### ERROR Visit our website and forum for extensive documentation and answers to 
##### ERROR commonly asked questions http://www.broadinstitute.org/gatk
##### ERROR
##### ERROR Please do NOT post this error to the GATK forum unless you have really tried to fix it yourself.
##### ERROR
##### ERROR MESSAGE: Invalid command line: Cannot process the provided BAM/CRAM file(s) because they were not indexed.  The GATK does offer limited processing of unindexed BAM/CRAMs in --unsafe mode, but this feature is unsupported -- use it at your own risk!
##### ERROR ------------------------------------------------------------------------------------------
